

Started GET "/" for ::1 at 2015-04-05 11:19:59 -0500
Processing by Rails::WelcomeController#index as HTML
  Rendered /Users/Linghe/.rvm/gems/ruby-2.2.1/gems/railties-4.2.1/lib/rails/templates/rails/welcome/index.html.erb (2.3ms)
Completed 200 OK in 18ms (Views: 9.9ms | ActiveRecord: 0.0ms)


Started GET "/" for ::1 at 2015-04-05 11:19:59 -0500
Processing by Rails::WelcomeController#index as HTML
  Rendered /Users/Linghe/.rvm/gems/ruby-2.2.1/gems/railties-4.2.1/lib/rails/templates/rails/welcome/index.html.erb (0.1ms)
Completed 200 OK in 2ms (Views: 1.8ms | ActiveRecord: 0.0ms)


Started GET "/" for ::1 at 2015-04-05 14:53:45 -0500
Processing by Rails::WelcomeController#index as HTML
  Rendered /Users/Linghe/.rvm/gems/ruby-2.2.1/gems/railties-4.2.1/lib/rails/templates/rails/welcome/index.html.erb (1.8ms)
Completed 200 OK in 18ms (Views: 8.0ms | ActiveRecord: 0.0ms)
  [1m[36m (140.9ms)[0m  [1mCREATE TABLE "schema_migrations" ("version" character varying NOT NULL) [0m
  [1m[35m (1.1ms)[0m  CREATE UNIQUE INDEX  "unique_schema_migrations" ON "schema_migrations"  ("version")
  [1m[36mActiveRecord::SchemaMigration Load (0.6ms)[0m  [1mSELECT "schema_migrations".* FROM "schema_migrations"[0m
Migrating to CreatePosts (20150405195428)
  [1m[35m (0.1ms)[0m  BEGIN
  [1m[36m (35.6ms)[0m  [1mCREATE TABLE "posts" ("id" serial primary key, "title" character varying, "body" text, "created_at" timestamp NOT NULL, "updated_at" timestamp NOT NULL) [0m
  [1m[35mSQL (0.4ms)[0m  INSERT INTO "schema_migrations" ("version") VALUES ($1)  [["version", "20150405195428"]]
  [1m[36m (6.1ms)[0m  [1mCOMMIT[0m
  [1m[35mActiveRecord::SchemaMigration Load (0.2ms)[0m  SELECT "schema_migrations".* FROM "schema_migrations"
  [1m[36m (4.3ms)[0m  [1mSELECT t2.oid::regclass::text AS to_table, a1.attname AS column, a2.attname AS primary_key, c.conname AS name, c.confupdtype AS on_update, c.confdeltype AS on_delete
FROM pg_constraint c
JOIN pg_class t1 ON c.conrelid = t1.oid
JOIN pg_class t2 ON c.confrelid = t2.oid
JOIN pg_attribute a1 ON a1.attnum = c.conkey[1] AND a1.attrelid = t1.oid
JOIN pg_attribute a2 ON a2.attnum = c.confkey[1] AND a2.attrelid = t2.oid
JOIN pg_namespace t3 ON c.connamespace = t3.oid
WHERE c.contype = 'f'
  AND t1.relname = 'posts'
  AND t3.nspname = ANY (current_schemas(false))
ORDER BY c.conname
[0m


Started GET "/" for ::1 at 2015-04-05 15:00:47 -0500
  [1m[36mActiveRecord::SchemaMigration Load (0.3ms)[0m  [1mSELECT "schema_migrations".* FROM "schema_migrations"[0m
Processing by Rails::WelcomeController#index as HTML
  Rendered /Users/Linghe/.rvm/gems/ruby-2.2.1/gems/railties-4.2.1/lib/rails/templates/rails/welcome/index.html.erb (1.2ms)
Completed 200 OK in 15ms (Views: 6.1ms | ActiveRecord: 0.0ms)


Started GET "/" for ::1 at 2015-04-05 15:01:34 -0500
  [1m[36mActiveRecord::SchemaMigration Load (0.4ms)[0m  [1mSELECT "schema_migrations".* FROM "schema_migrations"[0m

ActionController::RoutingError (uninitialized constant WelcomeController):
  activesupport (4.2.1) lib/active_support/inflector/methods.rb:261:in `const_get'
  activesupport (4.2.1) lib/active_support/inflector/methods.rb:261:in `block in constantize'
  activesupport (4.2.1) lib/active_support/inflector/methods.rb:259:in `each'
  activesupport (4.2.1) lib/active_support/inflector/methods.rb:259:in `inject'
  activesupport (4.2.1) lib/active_support/inflector/methods.rb:259:in `constantize'
  actionpack (4.2.1) lib/action_dispatch/routing/route_set.rb:70:in `controller_reference'
  actionpack (4.2.1) lib/action_dispatch/routing/route_set.rb:60:in `controller'
  actionpack (4.2.1) lib/action_dispatch/routing/route_set.rb:39:in `serve'
  actionpack (4.2.1) lib/action_dispatch/journey/router.rb:43:in `block in serve'
  actionpack (4.2.1) lib/action_dispatch/journey/router.rb:30:in `each'
  actionpack (4.2.1) lib/action_dispatch/journey/router.rb:30:in `serve'
  actionpack (4.2.1) lib/action_dispatch/routing/route_set.rb:819:in `call'
  rack (1.6.0) lib/rack/etag.rb:24:in `call'
  rack (1.6.0) lib/rack/conditionalget.rb:25:in `call'
  rack (1.6.0) lib/rack/head.rb:13:in `call'
  actionpack (4.2.1) lib/action_dispatch/middleware/params_parser.rb:27:in `call'
  actionpack (4.2.1) lib/action_dispatch/middleware/flash.rb:260:in `call'
  rack (1.6.0) lib/rack/session/abstract/id.rb:225:in `context'
  rack (1.6.0) lib/rack/session/abstract/id.rb:220:in `call'
  actionpack (4.2.1) lib/action_dispatch/middleware/cookies.rb:560:in `call'
  activerecord (4.2.1) lib/active_record/query_cache.rb:36:in `call'
  activerecord (4.2.1) lib/active_record/connection_adapters/abstract/connection_pool.rb:649:in `call'
  activerecord (4.2.1) lib/active_record/migration.rb:378:in `call'
  actionpack (4.2.1) lib/action_dispatch/middleware/callbacks.rb:29:in `block in call'
  activesupport (4.2.1) lib/active_support/callbacks.rb:88:in `call'
  activesupport (4.2.1) lib/active_support/callbacks.rb:88:in `_run_callbacks'
  activesupport (4.2.1) lib/active_support/callbacks.rb:776:in `_run_call_callbacks'
  activesupport (4.2.1) lib/active_support/callbacks.rb:81:in `run_callbacks'
  actionpack (4.2.1) lib/action_dispatch/middleware/callbacks.rb:27:in `call'
  actionpack (4.2.1) lib/action_dispatch/middleware/reloader.rb:73:in `call'
  actionpack (4.2.1) lib/action_dispatch/middleware/remote_ip.rb:78:in `call'
  actionpack (4.2.1) lib/action_dispatch/middleware/debug_exceptions.rb:17:in `call'
  web-console (2.1.2) lib/web_console/middleware.rb:37:in `call'
  actionpack (4.2.1) lib/action_dispatch/middleware/show_exceptions.rb:30:in `call'
  railties (4.2.1) lib/rails/rack/logger.rb:38:in `call_app'
  railties (4.2.1) lib/rails/rack/logger.rb:20:in `block in call'
  activesupport (4.2.1) lib/active_support/tagged_logging.rb:68:in `block in tagged'
  activesupport (4.2.1) lib/active_support/tagged_logging.rb:26:in `tagged'
  activesupport (4.2.1) lib/active_support/tagged_logging.rb:68:in `tagged'
  railties (4.2.1) lib/rails/rack/logger.rb:20:in `call'
  actionpack (4.2.1) lib/action_dispatch/middleware/request_id.rb:21:in `call'
  rack (1.6.0) lib/rack/methodoverride.rb:22:in `call'
  rack (1.6.0) lib/rack/runtime.rb:18:in `call'
  activesupport (4.2.1) lib/active_support/cache/strategy/local_cache_middleware.rb:28:in `call'
  rack (1.6.0) lib/rack/lock.rb:17:in `call'
  actionpack (4.2.1) lib/action_dispatch/middleware/static.rb:113:in `call'
  rack (1.6.0) lib/rack/sendfile.rb:113:in `call'
  railties (4.2.1) lib/rails/engine.rb:518:in `call'
  railties (4.2.1) lib/rails/application.rb:164:in `call'
  rack (1.6.0) lib/rack/lock.rb:17:in `call'
  rack (1.6.0) lib/rack/content_length.rb:15:in `call'
  rack (1.6.0) lib/rack/handler/webrick.rb:89:in `service'
  /Users/Linghe/.rvm/rubies/ruby-2.2.1/lib/ruby/2.2.0/webrick/httpserver.rb:138:in `service'
  /Users/Linghe/.rvm/rubies/ruby-2.2.1/lib/ruby/2.2.0/webrick/httpserver.rb:94:in `run'
  /Users/Linghe/.rvm/rubies/ruby-2.2.1/lib/ruby/2.2.0/webrick/server.rb:294:in `block in start_thread'


  Rendered /Users/Linghe/.rvm/gems/ruby-2.2.1/gems/actionpack-4.2.1/lib/action_dispatch/middleware/templates/rescues/_trace.html.erb (1.5ms)
  Rendered /Users/Linghe/.rvm/gems/ruby-2.2.1/gems/actionpack-4.2.1/lib/action_dispatch/middleware/templates/routes/_route.html.erb (1.1ms)
  Rendered /Users/Linghe/.rvm/gems/ruby-2.2.1/gems/actionpack-4.2.1/lib/action_dispatch/middleware/templates/routes/_table.html.erb (8.3ms)
  Rendered /Users/Linghe/.rvm/gems/ruby-2.2.1/gems/actionpack-4.2.1/lib/action_dispatch/middleware/templates/rescues/_request_and_response.html.erb (10.8ms)
  Rendered /Users/Linghe/.rvm/gems/ruby-2.2.1/gems/actionpack-4.2.1/lib/action_dispatch/middleware/templates/rescues/routing_error.html.erb within rescues/layout (92.3ms)
  Rendered /Users/Linghe/.rvm/gems/ruby-2.2.1/gems/web-console-2.1.2/lib/web_console/templates/_markup.html.erb (0.4ms)
  Rendered /Users/Linghe/.rvm/gems/ruby-2.2.1/gems/web-console-2.1.2/lib/web_console/templates/style.css.erb within layouts/inlined_string (0.3ms)
  Rendered /Users/Linghe/.rvm/gems/ruby-2.2.1/gems/web-console-2.1.2/lib/web_console/templates/_inner_console_markup.html.erb within layouts/inlined_string (0.4ms)
  Rendered /Users/Linghe/.rvm/gems/ruby-2.2.1/gems/web-console-2.1.2/lib/web_console/templates/_prompt_box_markup.html.erb within layouts/inlined_string (0.3ms)
  Rendered /Users/Linghe/.rvm/gems/ruby-2.2.1/gems/web-console-2.1.2/lib/web_console/templates/console.js.erb within layouts/javascript (45.5ms)
  Rendered /Users/Linghe/.rvm/gems/ruby-2.2.1/gems/web-console-2.1.2/lib/web_console/templates/main.js.erb within layouts/javascript (0.4ms)
  Rendered /Users/Linghe/.rvm/gems/ruby-2.2.1/gems/web-console-2.1.2/lib/web_console/templates/error_page.js.erb within layouts/javascript (0.6ms)
  Rendered /Users/Linghe/.rvm/gems/ruby-2.2.1/gems/web-console-2.1.2/lib/web_console/templates/index.html.erb (103.8ms)


Started GET "/" for ::1 at 2015-04-05 15:03:34 -0500

ActionController::RoutingError (uninitialized constant PostController):
  activesupport (4.2.1) lib/active_support/inflector/methods.rb:261:in `const_get'
  activesupport (4.2.1) lib/active_support/inflector/methods.rb:261:in `block in constantize'
  activesupport (4.2.1) lib/active_support/inflector/methods.rb:259:in `each'
  activesupport (4.2.1) lib/active_support/inflector/methods.rb:259:in `inject'
  activesupport (4.2.1) lib/active_support/inflector/methods.rb:259:in `constantize'
  actionpack (4.2.1) lib/action_dispatch/routing/route_set.rb:70:in `controller_reference'
  actionpack (4.2.1) lib/action_dispatch/routing/route_set.rb:60:in `controller'
  actionpack (4.2.1) lib/action_dispatch/routing/route_set.rb:39:in `serve'
  actionpack (4.2.1) lib/action_dispatch/journey/router.rb:43:in `block in serve'
  actionpack (4.2.1) lib/action_dispatch/journey/router.rb:30:in `each'
  actionpack (4.2.1) lib/action_dispatch/journey/router.rb:30:in `serve'
  actionpack (4.2.1) lib/action_dispatch/routing/route_set.rb:819:in `call'
  rack (1.6.0) lib/rack/etag.rb:24:in `call'
  rack (1.6.0) lib/rack/conditionalget.rb:25:in `call'
  rack (1.6.0) lib/rack/head.rb:13:in `call'
  actionpack (4.2.1) lib/action_dispatch/middleware/params_parser.rb:27:in `call'
  actionpack (4.2.1) lib/action_dispatch/middleware/flash.rb:260:in `call'
  rack (1.6.0) lib/rack/session/abstract/id.rb:225:in `context'
  rack (1.6.0) lib/rack/session/abstract/id.rb:220:in `call'
  actionpack (4.2.1) lib/action_dispatch/middleware/cookies.rb:560:in `call'
  activerecord (4.2.1) lib/active_record/query_cache.rb:36:in `call'
  activerecord (4.2.1) lib/active_record/connection_adapters/abstract/connection_pool.rb:649:in `call'
  activerecord (4.2.1) lib/active_record/migration.rb:378:in `call'
  actionpack (4.2.1) lib/action_dispatch/middleware/callbacks.rb:29:in `block in call'
  activesupport (4.2.1) lib/active_support/callbacks.rb:88:in `call'
  activesupport (4.2.1) lib/active_support/callbacks.rb:88:in `_run_callbacks'
  activesupport (4.2.1) lib/active_support/callbacks.rb:776:in `_run_call_callbacks'
  activesupport (4.2.1) lib/active_support/callbacks.rb:81:in `run_callbacks'
  actionpack (4.2.1) lib/action_dispatch/middleware/callbacks.rb:27:in `call'
  actionpack (4.2.1) lib/action_dispatch/middleware/reloader.rb:73:in `call'
  actionpack (4.2.1) lib/action_dispatch/middleware/remote_ip.rb:78:in `call'
  actionpack (4.2.1) lib/action_dispatch/middleware/debug_exceptions.rb:17:in `call'
  web-console (2.1.2) lib/web_console/middleware.rb:37:in `call'
  actionpack (4.2.1) lib/action_dispatch/middleware/show_exceptions.rb:30:in `call'
  railties (4.2.1) lib/rails/rack/logger.rb:38:in `call_app'
  railties (4.2.1) lib/rails/rack/logger.rb:20:in `block in call'
  activesupport (4.2.1) lib/active_support/tagged_logging.rb:68:in `block in tagged'
  activesupport (4.2.1) lib/active_support/tagged_logging.rb:26:in `tagged'
  activesupport (4.2.1) lib/active_support/tagged_logging.rb:68:in `tagged'
  railties (4.2.1) lib/rails/rack/logger.rb:20:in `call'
  actionpack (4.2.1) lib/action_dispatch/middleware/request_id.rb:21:in `call'
  rack (1.6.0) lib/rack/methodoverride.rb:22:in `call'
  rack (1.6.0) lib/rack/runtime.rb:18:in `call'
  activesupport (4.2.1) lib/active_support/cache/strategy/local_cache_middleware.rb:28:in `call'
  rack (1.6.0) lib/rack/lock.rb:17:in `call'
  actionpack (4.2.1) lib/action_dispatch/middleware/static.rb:113:in `call'
  rack (1.6.0) lib/rack/sendfile.rb:113:in `call'
  railties (4.2.1) lib/rails/engine.rb:518:in `call'
  railties (4.2.1) lib/rails/application.rb:164:in `call'
  rack (1.6.0) lib/rack/lock.rb:17:in `call'
  rack (1.6.0) lib/rack/content_length.rb:15:in `call'
  rack (1.6.0) lib/rack/handler/webrick.rb:89:in `service'
  /Users/Linghe/.rvm/rubies/ruby-2.2.1/lib/ruby/2.2.0/webrick/httpserver.rb:138:in `service'
  /Users/Linghe/.rvm/rubies/ruby-2.2.1/lib/ruby/2.2.0/webrick/httpserver.rb:94:in `run'
  /Users/Linghe/.rvm/rubies/ruby-2.2.1/lib/ruby/2.2.0/webrick/server.rb:294:in `block in start_thread'


  Rendered /Users/Linghe/.rvm/gems/ruby-2.2.1/gems/actionpack-4.2.1/lib/action_dispatch/middleware/templates/rescues/_trace.html.erb (1.5ms)
  Rendered /Users/Linghe/.rvm/gems/ruby-2.2.1/gems/actionpack-4.2.1/lib/action_dispatch/middleware/templates/routes/_route.html.erb (0.9ms)
  Rendered /Users/Linghe/.rvm/gems/ruby-2.2.1/gems/actionpack-4.2.1/lib/action_dispatch/middleware/templates/routes/_table.html.erb (2.0ms)
  Rendered /Users/Linghe/.rvm/gems/ruby-2.2.1/gems/actionpack-4.2.1/lib/action_dispatch/middleware/templates/rescues/_request_and_response.html.erb (1.3ms)
  Rendered /Users/Linghe/.rvm/gems/ruby-2.2.1/gems/actionpack-4.2.1/lib/action_dispatch/middleware/templates/rescues/routing_error.html.erb within rescues/layout (67.1ms)
  Rendered /Users/Linghe/.rvm/gems/ruby-2.2.1/gems/web-console-2.1.2/lib/web_console/templates/_markup.html.erb (0.4ms)
  Rendered /Users/Linghe/.rvm/gems/ruby-2.2.1/gems/web-console-2.1.2/lib/web_console/templates/style.css.erb within layouts/inlined_string (0.4ms)
  Rendered /Users/Linghe/.rvm/gems/ruby-2.2.1/gems/web-console-2.1.2/lib/web_console/templates/_inner_console_markup.html.erb within layouts/inlined_string (0.3ms)
  Rendered /Users/Linghe/.rvm/gems/ruby-2.2.1/gems/web-console-2.1.2/lib/web_console/templates/_prompt_box_markup.html.erb within layouts/inlined_string (0.3ms)
  Rendered /Users/Linghe/.rvm/gems/ruby-2.2.1/gems/web-console-2.1.2/lib/web_console/templates/console.js.erb within layouts/javascript (41.6ms)
  Rendered /Users/Linghe/.rvm/gems/ruby-2.2.1/gems/web-console-2.1.2/lib/web_console/templates/main.js.erb within layouts/javascript (0.3ms)
  Rendered /Users/Linghe/.rvm/gems/ruby-2.2.1/gems/web-console-2.1.2/lib/web_console/templates/error_page.js.erb within layouts/javascript (0.4ms)
  Rendered /Users/Linghe/.rvm/gems/ruby-2.2.1/gems/web-console-2.1.2/lib/web_console/templates/index.html.erb (91.9ms)


Started GET "/" for ::1 at 2015-04-05 15:07:10 -0500
  [1m[36mActiveRecord::SchemaMigration Load (0.4ms)[0m  [1mSELECT "schema_migrations".* FROM "schema_migrations"[0m
Processing by PostsController#index as HTML
  [1m[35mPost Load (0.5ms)[0m  SELECT "posts".* FROM "posts"
  Rendered posts/index.html.erb within layouts/application (4.2ms)
Completed 200 OK in 1296ms (Views: 1284.6ms | ActiveRecord: 1.3ms)


Started GET "/assets/posts-64e62ddc273c2f5847f30d698ca14b67.css?body=1" for ::1 at 2015-04-05 15:07:11 -0500


Started GET "/assets/application-96f47a164f9d18156778dbeb9d025f49.css?body=1" for ::1 at 2015-04-05 15:07:11 -0500


Started GET "/assets/jquery-87424c3c19e96d4fb033c10ebe21ec40.js?body=1" for ::1 at 2015-04-05 15:07:11 -0500


Started GET "/assets/scaffolds-2d20b9ccade16ceba9e769749efddf4d.css?body=1" for ::1 at 2015-04-05 15:07:11 -0500


Started GET "/assets/turbolinks-f87b3583ca50adb0488b031297f5580d.js?body=1" for ::1 at 2015-04-05 15:07:11 -0500


Started GET "/assets/jquery_ujs-e27bd20a10d28155845a22d71ef94f2f.js?body=1" for ::1 at 2015-04-05 15:07:11 -0500


Started GET "/assets/posts-fcec5b5a277ac7c20cc9f45a209a3bcd.js?body=1" for ::1 at 2015-04-05 15:07:11 -0500


Started GET "/assets/application-12b8f543cd30f7da91cbc02f9924ff5c.js?body=1" for ::1 at 2015-04-05 15:07:11 -0500


Started GET "/posts/new" for ::1 at 2015-04-05 15:07:20 -0500
Processing by PostsController#new as HTML
  Rendered posts/_form.html.erb (28.8ms)
  Rendered posts/new.html.erb within layouts/application (33.0ms)
Completed 200 OK in 83ms (Views: 75.2ms | ActiveRecord: 1.8ms)


Started POST "/posts" for ::1 at 2015-04-05 15:07:25 -0500
Processing by PostsController#create as HTML
  Parameters: {"utf8"=>"✓", "authenticity_token"=>"aPv4sPCQnIeemiSzr7FlIqtFMQckzC0b97LrQpivj1vepzp7zqIw/faeve0HTwL0+r8GK3ibXwYEwFi0qAykOg==", "post"=>{"title"=>"fhskf", "body"=>"fshafhjah"}, "commit"=>"Create Post"}
  [1m[36m (0.1ms)[0m  [1mBEGIN[0m
  [1m[35mSQL (6.3ms)[0m  INSERT INTO "posts" ("title", "body", "created_at", "updated_at") VALUES ($1, $2, $3, $4) RETURNING "id"  [["title", "fhskf"], ["body", "fshafhjah"], ["created_at", "2015-04-05 20:07:25.455080"], ["updated_at", "2015-04-05 20:07:25.455080"]]
  [1m[36m (6.2ms)[0m  [1mCOMMIT[0m
Redirected to http://localhost:3000/posts/1
Completed 302 Found in 22ms (ActiveRecord: 12.8ms)


Started GET "/posts/1" for ::1 at 2015-04-05 15:07:25 -0500
Processing by PostsController#show as HTML
  Parameters: {"id"=>"1"}
  [1m[35mPost Load (11.5ms)[0m  SELECT  "posts".* FROM "posts" WHERE "posts"."id" = $1 LIMIT 1  [["id", 1]]
  Rendered posts/show.html.erb within layouts/application (0.8ms)
Completed 200 OK in 66ms (Views: 45.6ms | ActiveRecord: 11.5ms)


Started GET "/posts" for ::1 at 2015-04-05 15:07:35 -0500
Processing by PostsController#index as HTML
  [1m[36mPost Load (0.3ms)[0m  [1mSELECT "posts".* FROM "posts"[0m
  Rendered posts/index.html.erb within layouts/application (6.6ms)
Completed 200 OK in 45ms (Views: 43.6ms | ActiveRecord: 0.3ms)


Started GET "/posts/new" for ::1 at 2015-04-05 15:07:37 -0500
Processing by PostsController#new as HTML
  Rendered posts/_form.html.erb (1.4ms)
  Rendered posts/new.html.erb within layouts/application (3.0ms)
Completed 200 OK in 45ms (Views: 43.9ms | ActiveRecord: 0.0ms)


Started POST "/posts" for ::1 at 2015-04-05 15:07:43 -0500
Processing by PostsController#create as HTML
  Parameters: {"utf8"=>"✓", "authenticity_token"=>"8xO1ynfAmstbWgfWU2HNHLW/YaV8TcRSHnibv/8FYpdFT3cBSfI2sTNenoj7n6rK5EVWiSAatk/tCihJz6ZJ9g==", "post"=>{"title"=>"hjhj", "body"=>"hkpl"}, "commit"=>"Create Post"}
  [1m[35m (0.1ms)[0m  BEGIN
  [1m[36mSQL (0.2ms)[0m  [1mINSERT INTO "posts" ("title", "body", "created_at", "updated_at") VALUES ($1, $2, $3, $4) RETURNING "id"[0m  [["title", "hjhj"], ["body", "hkpl"], ["created_at", "2015-04-05 20:07:43.740740"], ["updated_at", "2015-04-05 20:07:43.740740"]]
  [1m[35m (5.8ms)[0m  COMMIT
Redirected to http://localhost:3000/posts/2
Completed 302 Found in 10ms (ActiveRecord: 6.0ms)


Started GET "/posts/2" for ::1 at 2015-04-05 15:07:43 -0500
Processing by PostsController#show as HTML
  Parameters: {"id"=>"2"}
  [1m[36mPost Load (0.2ms)[0m  [1mSELECT  "posts".* FROM "posts" WHERE "posts"."id" = $1 LIMIT 1[0m  [["id", 2]]
  Rendered posts/show.html.erb within layouts/application (0.5ms)
Completed 200 OK in 47ms (Views: 46.1ms | ActiveRecord: 0.2ms)


Started GET "/" for ::1 at 2015-04-05 15:15:22 -0500
  [1m[36mActiveRecord::SchemaMigration Load (0.3ms)[0m  [1mSELECT "schema_migrations".* FROM "schema_migrations"[0m
Processing by PostsController#index as HTML
  [1m[35mPost Load (0.6ms)[0m  SELECT "posts".* FROM "posts"
  Rendered posts/index.html.erb within layouts/application (13.8ms)
Completed 200 OK in 115ms (Views: 97.8ms | ActiveRecord: 4.3ms)


Started GET "/" for ::1 at 2015-04-05 15:15:22 -0500
Processing by PostsController#index as HTML
  [1m[36mPost Load (0.2ms)[0m  [1mSELECT "posts".* FROM "posts"[0m
  Rendered posts/index.html.erb within layouts/application (1.3ms)
Completed 200 OK in 41ms (Views: 40.6ms | ActiveRecord: 0.2ms)


Started GET "/assets/posts-64e62ddc273c2f5847f30d698ca14b67.css?body=1" for ::1 at 2015-04-05 15:15:22 -0500


Started GET "/assets/scaffolds-2d20b9ccade16ceba9e769749efddf4d.css?body=1" for ::1 at 2015-04-05 15:15:22 -0500


Started GET "/assets/posts-fcec5b5a277ac7c20cc9f45a209a3bcd.js?body=1" for ::1 at 2015-04-05 15:15:22 -0500


Started GET "/assets/application-12b8f543cd30f7da91cbc02f9924ff5c.js?body=1" for ::1 at 2015-04-05 15:15:22 -0500


Started GET "/assets/application-96f47a164f9d18156778dbeb9d025f49.css?body=1" for ::1 at 2015-04-05 15:15:22 -0500
